<?xml version="1.0" encoding="UTF-8"?>
<testng-results ignored="0" total="2" passed="2" failed="0" skipped="0">
  <reporter-output>
    <line>
      <![CDATA[guidanz1 is pass]]>
    </line>
    <line>
      <![CDATA[guidanz2 is pass]]>
    </line>
  </reporter-output>
  <suite started-at="2026-04-15T16:01:40 IST" name="Suite" finished-at="2026-04-15T16:02:33 IST" duration-ms="53264">
    <groups>
    </groups>
    <test started-at="2026-04-15T16:01:40 IST" name="Test" finished-at="2026-04-15T16:02:33 IST" duration-ms="53264">
      <class name="tests.test1">
        <test-method signature="guidanz1()[pri:0, instance:tests.test1@6580cfdd]" started-at="2026-04-15T16:01:40 IST" name="guidanz1" finished-at="2026-04-15T16:02:01 IST" duration-ms="21509" status="PASS">
          <reporter-output>
            <line>
              <![CDATA[guidanz1 is pass]]>
            </line>
          </reporter-output>
        </test-method> <!-- guidanz1 -->
        <test-method signature="guidanz2()[pri:0, instance:tests.test1@6580cfdd]" started-at="2026-04-15T16:02:01 IST" name="guidanz2" finished-at="2026-04-15T16:02:33 IST" duration-ms="31659" status="PASS">
          <reporter-output>
            <line>
              <![CDATA[guidanz2 is pass]]>
            </line>
          </reporter-output>
        </test-method> <!-- guidanz2 -->
      </class> <!-- tests.test1 -->
    </test> <!-- Test -->
  </suite> <!-- Suite -->
</testng-results>
