<?xml version="1.0" encoding="UTF-8"?>
<!-- Generated by org.testng.reporters.JUnitReportReporter -->
<testsuite hostname="DESKTOP-R6GS83G" failures="0" tests="2" name="tests.test1" time="53.168" errors="0" timestamp="2026-04-15T16:02:33 IST" skipped="0">
  <testcase classname="tests.test1" name="guidanz1" time="21.509">
    <system-out>
      <![CDATA[guidanz1 is pass]]>
    </system-out>
  </testcase> <!-- guidanz1 -->
  <testcase classname="tests.test1" name="guidanz2" time="31.659">
    <system-out>
      <![CDATA[guidanz2 is pass]]>
    </system-out>
  </testcase> <!-- guidanz2 -->
  <system-out>
    <![CDATA[guidanz1 is pass
guidanz2 is pass]]>
  </system-out>
</testsuite> <!-- tests.test1 -->
